-------------------------------------------------------------------------------
Test set: TestSuite
-------------------------------------------------------------------------------
Tests run: 2, Failures: 1, Errors: 0, Skipped: 1, Time elapsed: 0.393 s <<< FAILURE! - in TestSuite
test.Home.HomeTest.validateMountQuote  Time elapsed: 0.01 s  <<< FAILURE!
java.lang.NullPointerException: Cannot invoke "org.openqa.selenium.WebDriver.findElement(org.openqa.selenium.By)" because "driver" is null
	at test.Home.HomeTest.validateMountQuote(HomeTest.java:32)

